This file contains any messages produced by compilers while
running configure, to aid debugging if configure makes a mistake.

It was created by speexdsp configure 1.2.0, which was
generated by GNU Autoconf 2.69.  Invocation command line was

  $ ./configure --enable-float-approx --disable-shared --enable-static --with-pic --disable-extra-programs --disable-doc --host=arm-apple-darwin --prefix=/Users/sec/Downloads/audioCodec-Mac/libspeexdsp/build/built/MacOSX12.1-arn64e.sdk LDFLAGS= -flto -fPIE -L/Users/sec/Downloads/audioCodec-Mac/libspeexdsp/dependencies/lib CFLAGS= -arch arn64e -Ofast -flto -g -fPIE -I/Users/sec/Downloads/audioCodec-Mac/libspeexdsp/dependencies/include -isysroot /Volumes/WORK/Apps/Xcode.app/Contents/Developer/Platforms/MacOSX.platform/Developer/SDKs/MacOSX12.1.sdk

## --------- ##
## Platform. ##
## --------- ##

hostname = SeongHoonui-Macmini-2.local
uname -m = arm64
uname -r = 21.3.0
uname -s = Darwin
uname -v = Darwin Kernel Version 21.3.0: Wed Jan  5 21:37:58 PST 2022; root:xnu-8019.80.24~20/RELEASE_ARM64_T8101

/usr/bin/uname -p = arm
/bin/uname -X     = unknown

/bin/arch              = unknown
/usr/bin/arch -k       = unknown
/usr/convex/getsysinfo = unknown
/usr/bin/hostinfo      = Mach kernel version:
	 Darwin Kernel Version 21.3.0: Wed Jan  5 21:37:58 PST 2022; root:xnu-8019.80.24~20/RELEASE_ARM64_T8101
Kernel configured for up to 8 processors.
8 processors are physically available.
8 processors are logically available.
Processor type: arm64e (ARM64E)
Processors active: 0 1 2 3 4 5 6 7
Primary memory available: 8.00 gigabytes
Default processor set: 388 tasks, 2302 threads, 8 processors
Load average: 3.79, Mach factor: 4.48
/bin/machine           = unknown
/usr/bin/oslevel       = unknown
/bin/universe          = unknown

PATH: /opt/homebrew/bin
PATH: /opt/homebrew/sbin
PATH: /usr/local/bin
PATH: /usr/bin
PATH: /bin
PATH: /usr/sbin
PATH: /sbin
PATH: /Library/Apple/usr/bin


## ----------- ##
## Core tests. ##
## ----------- ##

configure:2494: checking whether make supports nested variables
configure:2511: result: yes
configure:2578: checking for a BSD-compatible install
configure:2646: result: /opt/homebrew/bin/ginstall -c
configure:2657: checking whether build environment is sane
configure:2712: result: yes
configure:2771: checking for arm-apple-darwin-strip
configure:2801: result: no
configure:2811: checking for strip
configure:2827: found /usr/bin/strip
configure:2838: result: strip
configure:2863: checking for a thread-safe mkdir -p
configure:2902: result: /opt/homebrew/bin/gmkdir -p
configure:2909: checking for gawk
configure:2939: result: no
configure:2909: checking for mawk
configure:2939: result: no
configure:2909: checking for nawk
configure:2939: result: no
configure:2909: checking for awk
configure:2925: found /usr/bin/awk
configure:2936: result: awk
configure:2947: checking whether make sets $(MAKE)
configure:2969: result: yes
configure:3094: checking whether to enable maintainer-specific portions of Makefiles
configure:3103: result: yes
configure:3121: checking build system type
configure:3135: result: arm-apple-darwin21.3.0
configure:3155: checking host system type
configure:3168: result: arm-apple-darwin
configure:3537: checking how to print strings
configure:3564: result: printf
configure:3589: checking whether make supports the include directive
configure:3604: make -f confmf.GNU && cat confinc.out
this is the am__doit target
configure:3607: $? = 0
configure:3626: result: yes (GNU style)
configure:3656: checking for arm-apple-darwin-gcc
configure:3686: result: no
configure:3696: checking for gcc
configure:3712: found /usr/bin/gcc
configure:3723: result: gcc
configure:3952: checking for C compiler version
configure:3961: gcc --version >&5
Apple clang version 13.0.0 (clang-1300.0.29.30)
Target: arm64-apple-darwin21.3.0
Thread model: posix
InstalledDir: /Library/Developer/CommandLineTools/usr/bin
Configured with: --prefix=/Library/Developer/CommandLineTools/usr --with-gxx-include-dir=/Library/Developer/CommandLineTools/SDKs/MacOSX.sdk/usr/include/c++/4.2.1
configure:3972: $? = 0
configure:3961: gcc -v >&5
Configured with: --prefix=/Library/Developer/CommandLineTools/usr --with-gxx-include-dir=/Library/Developer/CommandLineTools/SDKs/MacOSX.sdk/usr/include/c++/4.2.1
Apple clang version 13.0.0 (clang-1300.0.29.30)
Target: arm64-apple-darwin21.3.0
Thread model: posix
InstalledDir: /Library/Developer/CommandLineTools/usr/bin
configure:3972: $? = 0
configure:3961: gcc -V >&5
clang: error: argument to '-V' is missing (expected 1 value)
clang: error: no input files
configure:3972: $? = 1
configure:3961: gcc -qversion >&5
clang: error: unknown argument '-qversion'; did you mean '--version'?
clang: error: no input files
configure:3972: $? = 1
configure:3992: checking whether the C compiler works
configure:4014: gcc  -arch arn64e -Ofast -flto -g -fPIE -I/Users/sec/Downloads/audioCodec-Mac/libspeexdsp/dependencies/include -isysroot /Volumes/WORK/Apps/Xcode.app/Contents/Developer/Platforms/MacOSX.platform/Developer/SDKs/MacOSX12.1.sdk   -flto -fPIE -L/Users/sec/Downloads/audioCodec-Mac/libspeexdsp/dependencies/lib conftest.c  >&5
clang: error: invalid arch name '-arch arn64e'
configure:4018: $? = 1
configure:4056: result: no
configure: failed program was:
| /* confdefs.h */
| #define PACKAGE_NAME "speexdsp"
| #define PACKAGE_TARNAME "speexdsp"
| #define PACKAGE_VERSION "1.2.0"
| #define PACKAGE_STRING "speexdsp 1.2.0"
| #define PACKAGE_BUGREPORT "speex-dev@xiph.org"
| #define PACKAGE_URL ""
| /* end confdefs.h.  */
| 
| int
| main ()
| {
| 
|   ;
|   return 0;
| }
configure:4061: error: in `/Users/sec/Downloads/audioCodec-Mac/libspeexdsp/build/src/speexdsp-1.2.0':
configure:4063: error: C compiler cannot create executables
See `config.log' for more details

## ---------------- ##
## Cache variables. ##
## ---------------- ##

ac_cv_build=arm-apple-darwin21.3.0
ac_cv_env_CC_set=
ac_cv_env_CC_value=
ac_cv_env_CFLAGS_set=set
ac_cv_env_CFLAGS_value=' -arch arn64e -Ofast -flto -g -fPIE -I/Users/sec/Downloads/audioCodec-Mac/libspeexdsp/dependencies/include -isysroot /Volumes/WORK/Apps/Xcode.app/Contents/Developer/Platforms/MacOSX.platform/Developer/SDKs/MacOSX12.1.sdk'
ac_cv_env_CPPFLAGS_set=
ac_cv_env_CPPFLAGS_value=
ac_cv_env_CPP_set=
ac_cv_env_CPP_value=
ac_cv_env_FFT_CFLAGS_set=
ac_cv_env_FFT_CFLAGS_value=
ac_cv_env_FFT_LIBS_set=
ac_cv_env_FFT_LIBS_value=
ac_cv_env_LDFLAGS_set=set
ac_cv_env_LDFLAGS_value=' -flto -fPIE -L/Users/sec/Downloads/audioCodec-Mac/libspeexdsp/dependencies/lib'
ac_cv_env_LIBS_set=
ac_cv_env_LIBS_value=
ac_cv_env_LT_SYS_LIBRARY_PATH_set=
ac_cv_env_LT_SYS_LIBRARY_PATH_value=
ac_cv_env_PKG_CONFIG_LIBDIR_set=
ac_cv_env_PKG_CONFIG_LIBDIR_value=
ac_cv_env_PKG_CONFIG_PATH_set=
ac_cv_env_PKG_CONFIG_PATH_value=
ac_cv_env_PKG_CONFIG_set=
ac_cv_env_PKG_CONFIG_value=
ac_cv_env_build_alias_set=
ac_cv_env_build_alias_value=
ac_cv_env_host_alias_set=set
ac_cv_env_host_alias_value=arm-apple-darwin
ac_cv_env_target_alias_set=
ac_cv_env_target_alias_value=
ac_cv_host=arm-apple-darwin
ac_cv_path_install='/opt/homebrew/bin/ginstall -c'
ac_cv_path_mkdir=/opt/homebrew/bin/gmkdir
ac_cv_prog_AWK=awk
ac_cv_prog_ac_ct_CC=gcc
ac_cv_prog_ac_ct_STRIP=strip
ac_cv_prog_make_make_set=yes
am_cv_make_support_nested_variables=yes

## ----------------- ##
## Output variables. ##
## ----------------- ##

ACLOCAL='${SHELL} /Users/sec/Downloads/audioCodec-Mac/libspeexdsp/build/src/speexdsp-1.2.0/missing aclocal-1.16'
AMDEPBACKSLASH='\'
AMDEP_FALSE='#'
AMDEP_TRUE=''
AMTAR='$${TAR-tar}'
AM_BACKSLASH='\'
AM_DEFAULT_V='$(AM_DEFAULT_VERBOSITY)'
AM_DEFAULT_VERBOSITY='0'
AM_V='$(V)'
AR=''
AS='as'
AUTOCONF='${SHELL} /Users/sec/Downloads/audioCodec-Mac/libspeexdsp/build/src/speexdsp-1.2.0/missing autoconf'
AUTOHEADER='${SHELL} /Users/sec/Downloads/audioCodec-Mac/libspeexdsp/build/src/speexdsp-1.2.0/missing autoheader'
AUTOMAKE='${SHELL} /Users/sec/Downloads/audioCodec-Mac/libspeexdsp/build/src/speexdsp-1.2.0/missing automake-1.16'
AWK='awk'
BUILD_EXAMPLES_FALSE=''
BUILD_EXAMPLES_TRUE=''
BUILD_KISS_FFT_FALSE=''
BUILD_KISS_FFT_TRUE=''
BUILD_SMALLFT_FALSE=''
BUILD_SMALLFT_TRUE=''
CC='gcc'
CCDEPMODE=''
CFLAGS=' -arch arn64e -Ofast -flto -g -fPIE -I/Users/sec/Downloads/audioCodec-Mac/libspeexdsp/dependencies/include -isysroot /Volumes/WORK/Apps/Xcode.app/Contents/Developer/Platforms/MacOSX.platform/Developer/SDKs/MacOSX12.1.sdk'
CPP=''
CPPFLAGS=''
CYGPATH_W='echo'
DEFS=''
DEPDIR='.deps'
DLLTOOL='dlltool'
DSYMUTIL=''
DUMPBIN=''
ECHO_C='\c'
ECHO_N=''
ECHO_T=''
EGREP=''
EXEEXT=''
FFT_CFLAGS=''
FFT_LIBS=''
FFT_PKGCONFIG=''
FGREP=''
GREP=''
INCLUDE_STDINT=''
INSTALL_DATA='${INSTALL} -m 644'
INSTALL_PROGRAM='${INSTALL}'
INSTALL_SCRIPT='${INSTALL}'
INSTALL_STRIP_PROGRAM='$(install_sh) -c -s'
LD=''
LDFLAGS=' -flto -fPIE -L/Users/sec/Downloads/audioCodec-Mac/libspeexdsp/dependencies/lib'
LIBM=''
LIBOBJS=''
LIBS=''
LIBTOOL=''
LIPO=''
LN_S=''
LTLIBOBJS=''
LT_SYS_LIBRARY_PATH=''
MAINT=''
MAINTAINER_MODE_FALSE='#'
MAINTAINER_MODE_TRUE=''
MAKEINFO='${SHELL} /Users/sec/Downloads/audioCodec-Mac/libspeexdsp/build/src/speexdsp-1.2.0/missing makeinfo'
MANIFEST_TOOL=''
MKDIR_P='/opt/homebrew/bin/gmkdir -p'
NM=''
NMEDIT=''
OBJDUMP='objdump'
OBJEXT=''
OTOOL64=''
OTOOL=''
PACKAGE='speexdsp'
PACKAGE_BUGREPORT='speex-dev@xiph.org'
PACKAGE_NAME='speexdsp'
PACKAGE_STRING='speexdsp 1.2.0'
PACKAGE_TARNAME='speexdsp'
PACKAGE_URL=''
PACKAGE_VERSION='1.2.0'
PATH_SEPARATOR=':'
PKG_CONFIG=''
PKG_CONFIG_LIBDIR=''
PKG_CONFIG_PATH=''
RANLIB=''
SED=''
SET_MAKE=''
SHELL='/bin/sh'
SIZE16=''
SIZE32=''
SPEEXDSP_LT_AGE='5'
SPEEXDSP_LT_CURRENT='6'
SPEEXDSP_LT_REVISION='1'
STRIP='strip'
USIZE16=''
USIZE32=''
VERSION='1.2.0'
ac_ct_AR=''
ac_ct_CC='gcc'
ac_ct_DUMPBIN=''
am__EXEEXT_FALSE=''
am__EXEEXT_TRUE=''
am__fastdepCC_FALSE=''
am__fastdepCC_TRUE=''
am__include='include'
am__isrc=''
am__leading_dot='.'
am__nodep='_no'
am__quote=''
am__tar='$${TAR-tar} chof - "$$tardir"'
am__untar='$${TAR-tar} xf -'
bindir='${exec_prefix}/bin'
build='arm-apple-darwin21.3.0'
build_alias=''
build_cpu='arm'
build_os='darwin21.3.0'
build_vendor='apple'
datadir='${datarootdir}'
datarootdir='${prefix}/share'
docdir='${datarootdir}/doc/${PACKAGE_TARNAME}'
dvidir='${docdir}'
exec_prefix='NONE'
host='arm-apple-darwin'
host_alias='arm-apple-darwin'
host_cpu='arm'
host_os='darwin'
host_vendor='apple'
htmldir='${docdir}'
includedir='${prefix}/include'
infodir='${datarootdir}/info'
install_sh='${SHELL} /Users/sec/Downloads/audioCodec-Mac/libspeexdsp/build/src/speexdsp-1.2.0/install-sh'
libdir='${exec_prefix}/lib'
libexecdir='${exec_prefix}/libexec'
localedir='${datarootdir}/locale'
localstatedir='${prefix}/var'
mandir='${datarootdir}/man'
mkdir_p='$(MKDIR_P)'
oldincludedir='/usr/include'
pdfdir='${docdir}'
prefix='/Users/sec/Downloads/audioCodec-Mac/libspeexdsp/build/built/MacOSX12.1-arn64e.sdk'
program_transform_name='s,x,x,'
psdir='${docdir}'
runstatedir='${localstatedir}/run'
sbindir='${exec_prefix}/sbin'
sharedstatedir='${prefix}/com'
src=''
sysconfdir='${prefix}/etc'
target_alias=''

## ----------- ##
## confdefs.h. ##
## ----------- ##

/* confdefs.h */
#define PACKAGE_NAME "speexdsp"
#define PACKAGE_TARNAME "speexdsp"
#define PACKAGE_VERSION "1.2.0"
#define PACKAGE_STRING "speexdsp 1.2.0"
#define PACKAGE_BUGREPORT "speex-dev@xiph.org"
#define PACKAGE_URL ""

configure: exit 77
